<?xml version="1.0" encoding="UTF-8"?>
<!-- Generated by org.testng.reporters.JUnitReportReporter -->
<testsuite hostname="DESKTOP-D6FQT73" failures="0" tests="2" name="org.sample.testNGSample" time="0.042" errors="0" timestamp="2025-03-26T11:48:20 IST" skipped="0">
  <testcase classname="org.sample.testNGSample" name="tc06" time="0.026"/>
  <testcase classname="org.sample.testNGSample" name="tc03" time="0.016"/>
</testsuite> <!-- org.sample.testNGSample -->
